#
# There is insufficient memory for the Java Runtime Environment to continue.
# Native memory allocation (mmap) failed to map 257949696 bytes for G1 virtual space
# Possible reasons:
#   The system is out of physical RAM or swap space
#   The process is running with CompressedOops enabled, and the Java Heap may be blocking the growth of the native heap
# Possible solutions:
#   Reduce memory load on the system
#   Increase physical memory or swap space
#   Check if swap backing store is full
#   Decrease Java heap size (-Xmx/-Xms)
#   Decrease number of Java threads
#   Decrease Java thread stack sizes (-Xss)
#   Set larger code cache with -XX:ReservedCodeCacheSize=
#   JVM is running with Zero Based Compressed Oops mode in which the Java heap is
#     placed in the first 32GB address space. The Java Heap base address is the
#     maximum limit for the native heap growth. Please use -XX:HeapBaseMinAddress
#     to set the Java Heap base and to place the Java Heap above 32GB virtual address.
# This output file may be truncated or incomplete.
#
#  Out of Memory Error (os_windows.cpp:3532), pid=8776, tid=18740
#
# JRE version:  (17.0.2+8) (build )
# Java VM: OpenJDK 64-Bit Server VM (17.0.2+8-86, mixed mode, sharing, tiered, compressed oops, compressed class ptrs, g1 gc, windows-amd64)
# No core dump will be written. Minidumps are not enabled by default on client versions of Windows
#

---------------  S U M M A R Y ------------

Command Line: -XX:+ShowCodeDetailsInExceptionMessages -agentlib:jdwp=transport=dt_socket,suspend=y,address=localhost:53604 -javaagent:C:\work\eclipse-jee-2023-12-R-win32-x86_64\eclipse\configuration\org.eclipse.osgi\434\0\.cp\lib\javaagent-shaded.jar -Dfile.encoding=UTF-8 -Dstdout.encoding=UTF-8 -Dstderr.encoding=UTF-8 edu.kh.toyProject.Run.ToyProjectRun

Host: AMD Ryzen 5 5500U with Radeon Graphics         , 12 cores, 15G,  Windows 11 , 64 bit Build 22621 (10.0.22621.3085)
Time: Wed Feb 28 03:12:46 2024  Windows 11 , 64 bit Build 22621 (10.0.22621.3085) elapsed time: 0.012149 seconds (0d 0h 0m 0s)

---------------  T H R E A D  ---------------

Current thread (0x0000019a152afde0):  JavaThread "Unknown thread" [_thread_in_vm, id=18740, stack(0x0000005989200000,0x0000005989300000)]

Stack: [0x0000005989200000,0x0000005989300000]
Native frames: (J=compiled Java code, j=interpreted, Vv=VM code, C=native code)
V  [jvm.dll+0x670baa]
V  [jvm.dll+0x7cfcb4]
V  [jvm.dll+0x7d145e]
V  [jvm.dll+0x7d1ac3]
V  [jvm.dll+0x242bc5]
V  [jvm.dll+0x66dac9]
V  [jvm.dll+0x662412]
V  [jvm.dll+0x300c0b]
V  [jvm.dll+0x3081a6]
V  [jvm.dll+0x357d0e]
V  [jvm.dll+0x357f3f]
V  [jvm.dll+0x2d7ec8]
V  [jvm.dll+0x2d8e34]
V  [jvm.dll+0x7a18c1]
V  [jvm.dll+0x365a91]
V  [jvm.dll+0x780d2c]
V  [jvm.dll+0x3e845f]
V  [jvm.dll+0x3e9f01]
C  [jli.dll+0x527b]
C  [ucrtbase.dll+0x29363]
C  [KERNEL32.DLL+0x1257d]
C  [ntdll.dll+0x5aa58]


---------------  P R O C E S S  ---------------

Threads class SMR info:
_java_thread_list=0x00007ffd38769858, length=0, elements={
}

Java Threads: ( => current thread )

Other Threads:
  0x0000019a152fe610 GCTaskThread "GC Thread#0" [stack: 0x0000005989300000,0x0000005989400000] [id=8600]
  0x0000019a1530f320 ConcurrentGCThread "G1 Main Marker" [stack: 0x0000005989400000,0x0000005989500000] [id=19444]
  0x0000019a1530fd30 ConcurrentGCThread "G1 Conc#0" [stack: 0x0000005989500000,0x0000005989600000] [id=14432]

[error occurred during error reporting (printing all threads), id 0xc0000005, EXCEPTION_ACCESS_VIOLATION (0xc0000005) at pc=0x00007ffd37fb88a7]

VM state: not at safepoint (not fully initialized)

VM Mutex/Monitor currently owned by a thread:  ([mutex/lock_event])
[0x0000019a152abdd0] Heap_lock - owner thread: 0x0000019a152afde0

Heap address: 0x000000070a400000, size: 3932 MB, Compressed Oops mode: Zero based, Oop shift amount: 3

CDS archive(s) mapped at: [0x0000000000000000-0x0000000000000000-0x0000000000000000), size 0, SharedBaseAddress: 0x0000000800000000, ArchiveRelocationMode: 0.
Narrow klass base: 0x0000000000000000, Narrow klass shift: 0, Narrow klass range: 0x0

GC Precious Log:
<Empty>

Heap:
 garbage-first heap   total 0K, used 0K [0x000000070a400000, 0x0000000800000000)
  region size 2048K, 0 young (0K), 0 survivors (0K)

[error occurred during error reporting (printing heap information), id 0xc0000005, EXCEPTION_ACCESS_VIOLATION (0xc0000005) at pc=0x00007ffd38399f19]

GC Heap History (0 events):
No events

Deoptimization events (0 events):
No events

Classes unloaded (0 events):
No events

Classes redefined (0 events):
No events

Internal exceptions (0 events):
No events

VM Operations (0 events):
No events

Events (1 events):
Event: 0.007 Loaded shared library C:\work\jdk-17.0.2\bin\java.dll


Dynamic libraries:
0x00007ff79dc00000 - 0x00007ff79dc0e000 	C:\work\jdk-17.0.2\bin\javaw.exe
0x00007ffdc2270000 - 0x00007ffdc2487000 	C:\WINDOWS\SYSTEM32\ntdll.dll
0x00007ffdbffc0000 - 0x00007ffdc0084000 	C:\WINDOWS\System32\KERNEL32.DLL
0x00007ffdbf6e0000 - 0x00007ffdbfa86000 	C:\WINDOWS\System32\KERNELBASE.dll
0x00007ffdbfdd0000 - 0x00007ffdbfee1000 	C:\WINDOWS\System32\ucrtbase.dll
0x00007ffdb2090000 - 0x00007ffdb20a8000 	C:\work\jdk-17.0.2\bin\jli.dll
0x00007ffdb2580000 - 0x00007ffdb259a000 	C:\work\jdk-17.0.2\bin\VCRUNTIME140.dll
0x00007ffdc0e90000 - 0x00007ffdc103e000 	C:\WINDOWS\System32\USER32.dll
0x00007ffdbfda0000 - 0x00007ffdbfdc6000 	C:\WINDOWS\System32\win32u.dll
0x00007ffda7eb0000 - 0x00007ffda8143000 	C:\WINDOWS\WinSxS\amd64_microsoft.windows.common-controls_6595b64144ccf1df_6.0.22621.2506_none_270c5ae97388e100\COMCTL32.dll
0x00007ffdc1730000 - 0x00007ffdc1759000 	C:\WINDOWS\System32\GDI32.dll
0x00007ffdc1ff0000 - 0x00007ffdc2097000 	C:\WINDOWS\System32\msvcrt.dll
0x00007ffdbfa90000 - 0x00007ffdbfba8000 	C:\WINDOWS\System32\gdi32full.dll
0x00007ffdbff20000 - 0x00007ffdbffba000 	C:\WINDOWS\System32\msvcp_win.dll
0x00007ffdc0d90000 - 0x00007ffdc0dc1000 	C:\WINDOWS\System32\IMM32.DLL
0x00007ffdbd150000 - 0x00007ffdbd15c000 	C:\work\jdk-17.0.2\bin\vcruntime140_1.dll
0x00007ffd83100000 - 0x00007ffd8318d000 	C:\work\jdk-17.0.2\bin\msvcp140.dll
0x00007ffd37cd0000 - 0x00007ffd38891000 	C:\work\jdk-17.0.2\bin\server\jvm.dll
0x00007ffdc0dd0000 - 0x00007ffdc0e83000 	C:\WINDOWS\System32\ADVAPI32.dll
0x00007ffdc1140000 - 0x00007ffdc11e8000 	C:\WINDOWS\System32\sechost.dll
0x00007ffdbfef0000 - 0x00007ffdbff18000 	C:\WINDOWS\System32\bcrypt.dll
0x00007ffdc0ad0000 - 0x00007ffdc0be7000 	C:\WINDOWS\System32\RPCRT4.dll
0x00007ffdc1760000 - 0x00007ffdc1768000 	C:\WINDOWS\System32\PSAPI.DLL
0x00007ffdb4740000 - 0x00007ffdb474a000 	C:\WINDOWS\SYSTEM32\VERSION.dll
0x00007ffdb25a0000 - 0x00007ffdb25a9000 	C:\WINDOWS\SYSTEM32\WSOCK32.dll
0x00007ffdbcf70000 - 0x00007ffdbcfa4000 	C:\WINDOWS\SYSTEM32\WINMM.dll
0x00007ffdc10c0000 - 0x00007ffdc1131000 	C:\WINDOWS\System32\WS2_32.dll
0x00007ffdbe5d0000 - 0x00007ffdbe5e8000 	C:\WINDOWS\SYSTEM32\kernel.appcore.dll
0x00007ffdbd040000 - 0x00007ffdbd04a000 	C:\work\jdk-17.0.2\bin\jimage.dll
0x00007ffdbccf0000 - 0x00007ffdbcf23000 	C:\WINDOWS\SYSTEM32\DBGHELP.DLL
0x00007ffdc1c60000 - 0x00007ffdc1fe9000 	C:\WINDOWS\System32\combase.dll
0x00007ffdc0c50000 - 0x00007ffdc0d27000 	C:\WINDOWS\System32\OLEAUT32.dll
0x00007ffdbcca0000 - 0x00007ffdbccd2000 	C:\WINDOWS\SYSTEM32\dbgcore.DLL
0x00007ffdbfd20000 - 0x00007ffdbfd9a000 	C:\WINDOWS\System32\bcryptPrimitives.dll
0x00007ffd9b2d0000 - 0x00007ffd9b30b000 	C:\work\jdk-17.0.2\bin\jdwp.dll
0x00007ffdb6c20000 - 0x00007ffdb6c2e000 	C:\work\jdk-17.0.2\bin\instrument.dll
0x00007ffdb0a10000 - 0x00007ffdb0a35000 	C:\work\jdk-17.0.2\bin\java.dll

dbghelp: loaded successfully - version: 4.0.5 - missing functions: none
symbol engine: initialized successfully - sym options: 0x614 - pdb path: .;C:\work\jdk-17.0.2\bin;C:\WINDOWS\SYSTEM32;C:\WINDOWS\WinSxS\amd64_microsoft.windows.common-controls_6595b64144ccf1df_6.0.22621.2506_none_270c5ae97388e100;C:\work\jdk-17.0.2\bin\server

VM Arguments:
jvm_args: -XX:+ShowCodeDetailsInExceptionMessages -agentlib:jdwp=transport=dt_socket,suspend=y,address=localhost:53604 -javaagent:C:\work\eclipse-jee-2023-12-R-win32-x86_64\eclipse\configuration\org.eclipse.osgi\434\0\.cp\lib\javaagent-shaded.jar -Dfile.encoding=UTF-8 -Dstdout.encoding=UTF-8 -Dstderr.encoding=UTF-8 
java_command: edu.kh.toyProject.Run.ToyProjectRun
java_class_path (initial): C:\work\02_Java\13_toyProject_ÀÌ¹Î°æ\bin
Launcher Type: SUN_STANDARD

[Global flags]
     intx CICompilerCount                          = 4                                         {product} {ergonomic}
     uint ConcGCThreads                            = 3                                         {product} {ergonomic}
     uint G1ConcRefinementThreads                  = 10                                        {product} {ergonomic}
   size_t G1HeapRegionSize                         = 2097152                                   {product} {ergonomic}
    uintx GCDrainStackTargetSize                   = 64                                        {product} {ergonomic}
   size_t InitialHeapSize                          = 257949696                                 {product} {ergonomic}
   size_t MarkStackSize                            = 4194304                                   {product} {ergonomic}
   size_t MaxHeapSize                              = 4123000832                                {product} {ergonomic}
   size_t MinHeapDeltaBytes                        = 2097152                                   {product} {ergonomic}
   size_t MinHeapSize                              = 8388608                                   {product} {ergonomic}
    uintx NonNMethodCodeHeapSize                   = 5839372                                {pd product} {ergonomic}
    uintx NonProfiledCodeHeapSize                  = 122909434                              {pd product} {ergonomic}
    uintx ProfiledCodeHeapSize                     = 122909434                              {pd product} {ergonomic}
    uintx ReservedCodeCacheSize                    = 251658240                              {pd product} {ergonomic}
     bool SegmentedCodeCache                       = true                                      {product} {ergonomic}
     bool ShowCodeDetailsInExceptionMessages       = true                                   {manageable} {command line}
   size_t SoftMaxHeapSize                          = 4123000832                             {manageable} {ergonomic}
     bool UseCompressedClassPointers               = true                           {product lp64_product} {ergonomic}
     bool UseCompressedOops                        = true                           {product lp64_product} {ergonomic}
     bool UseG1GC                                  = true                                      {product} {ergonomic}
     bool UseLargePagesIndividualAllocation        = false                                  {pd product} {ergonomic}

Logging:
Log output configuration:
 #0: stdout all=warning uptime,level,tags
 #1: stderr all=off uptime,level,tags

Environment Variables:
JAVA_HOME=C:\work\jdk-17.0.2
PATH=C:/work/eclipse-jee-2023-12-R-win32-x86_64/eclipse//plugins/org.eclipse.justj.openjdk.hotspot.jre.full.win32.x86_64_17.0.9.v20231028-0858/jre/bin/server;C:/work/eclipse-jee-2023-12-R-win32-x86_64/eclipse//plugins/org.eclipse.justj.openjdk.hotspot.jre.full.win32.x86_64_17.0.9.v20231028-0858/jre/bin;C:\WINDOWS\system32;C:\WINDOWS;C:\WINDOWS\System32\Wbem;C:\WINDOWS\System32\WindowsPowerShell\v1.0\;C:\WINDOWS\System32\OpenSSH\;C:\Program Files\dotnet\;C:\Program Files\Git\cmd;C:\work\jdk-17.0.2\bin;C:\Users\kny74\AppData\Local\Microsoft\WindowsApps;C:\Users\kny74\Desktop\ÄÚµù\Microsoft VS Code\bin;C:\Users\kny74\AppData\Local\GitHubDesktop\bin;C:\work\eclipse-jee-2023-12-R-win32-x86_64\eclipse;
USERNAME=minni
OS=Windows_NT
PROCESSOR_IDENTIFIER=AMD64 Family 23 Model 104 Stepping 1, AuthenticAMD



---------------  S Y S T E M  ---------------

OS:
 Windows 11 , 64 bit Build 22621 (10.0.22621.3085)
OS uptime: 2 days 7:51 hours
Hyper-V role detected

CPU: total 12 (initial active 12) (12 cores per cpu, 2 threads per core) family 23 model 104 stepping 1 microcode 0x0, cx8, cmov, fxsr, ht, mmx, 3dnowpref, sse, sse2, sse3, ssse3, sse4a, sse4.1, sse4.2, popcnt, lzcnt, tsc, tscinvbit, avx, avx2, aes, clmul, bmi1, bmi2, adx, sha, fma, vzeroupper, clflush, clflushopt, hv

Memory: 4k page, system-wide physical 15720M (5255M free)
TotalPageFile size 43935M (AvailPageFile size 142M)
current process WorkingSet (physical memory assigned to process): 11M, peak: 11M
current process commit charge ("private bytes"): 64M, peak: 310M

vm_info: OpenJDK 64-Bit Server VM (17.0.2+8-86) for windows-amd64 JRE (17.0.2+8-86), built on Dec  7 2021 21:49:10 by "mach5one" with MS VC++ 16.8 / 16.9 (VS2019)

END.
